Starting lane merging...
Job started at: Thu  5 Jun 12:58:20 BST 2025
Processing sublibrary: A1_13A_13_12
  Merging forward reads...
  Merging reverse reads...
  Completed: A1_13A_13_12
Processing sublibrary: A2_13A_13_02
  Merging forward reads...
  Merging reverse reads...
  Completed: A2_13A_13_02
Processing sublibrary: A3_13A_13_03
  Merging forward reads...
  Merging reverse reads...
  Completed: A3_13A_13_03
Processing sublibrary: A4_13A_13_04
  Merging forward reads...
  Merging reverse reads...
  Completed: A4_13A_13_04
Processing sublibrary: A5_13A_19_08
  Merging forward reads...
  Merging reverse reads...
  Completed: A5_13A_19_08
Processing sublibrary: A6_13A_13_06
  Merging forward reads...
  Merging reverse reads...
  Completed: A6_13A_13_06
Processing sublibrary: B1_13B_13_12
  Merging forward reads...
  Merging reverse reads...
  Completed: B1_13B_13_12
Processing sublibrary: B2_13B_13_02
  Merging forward reads...
  Merging reverse reads...
  Completed: B2_13B_13_02
Processing sublibrary: B3_13B_13_03
  Merging forward reads...
  Merging reverse reads...
  Completed: B3_13B_13_03
Processing sublibrary: B4_13B_13_04
  Merging forward reads...
  Merging reverse reads...
  Completed: B4_13B_13_04
Processing sublibrary: B5_13B_19_08
  Merging forward reads...
  Merging reverse reads...
  Completed: B5_13B_19_08
Processing sublibrary: B6_13B_13_06
  Merging forward reads...
  Merging reverse reads...
  Completed: B6_13B_13_06
Processing sublibrary: C1_14C_13_12
  Merging forward reads...
  Merging reverse reads...
  Completed: C1_14C_13_12
Processing sublibrary: C2_14C_13_02
  Merging forward reads...
  Merging reverse reads...
  Completed: C2_14C_13_02
Processing sublibrary: C3_14C_13_03
  Merging forward reads...
  Merging reverse reads...
  Completed: C3_14C_13_03
Processing sublibrary: C4_14C_13_04
  Merging forward reads...
  Merging reverse reads...
  Completed: C4_14C_13_04
Processing sublibrary: C5_14C_19_08
  Merging forward reads...
  Merging reverse reads...
  Completed: C5_14C_19_08
Processing sublibrary: C6_14C_13_06
  Merging forward reads...
  Merging reverse reads...
  Completed: C6_14C_13_06
Processing sublibrary: D1_14B_13_12
  Merging forward reads...
  Merging reverse reads...
  Completed: D1_14B_13_12
Processing sublibrary: D2_14B_13_02
  Merging forward reads...
  Merging reverse reads...
  Completed: D2_14B_13_02
Processing sublibrary: D3_14B_13_03
  Merging forward reads...
  Merging reverse reads...
  Completed: D3_14B_13_03
Processing sublibrary: D4_14B_13_04
  Merging forward reads...
  Merging reverse reads...
  Completed: D4_14B_13_04
Processing sublibrary: D5_14B_19_08
  Merging forward reads...
  Merging reverse reads...
  Completed: D5_14B_19_08
Processing sublibrary: D6_14B_13_06
  Merging forward reads...
  Merging reverse reads...
  Completed: D6_14B_13_06
Processing sublibrary: E1_13E_13_12
  Merging forward reads...
  Merging reverse reads...
  Completed: E1_13E_13_12
Processing sublibrary: E2_13E_13_02
  Merging forward reads...
  Merging reverse reads...
  Completed: E2_13E_13_02
Processing sublibrary: E3_13E_13_03
  Merging forward reads...
  Merging reverse reads...
  Completed: E3_13E_13_03
Processing sublibrary: E4_13E_13_04
  Merging forward reads...
  Merging reverse reads...
  Completed: E4_13E_13_04
Processing sublibrary: E5_13E_19_08
  Merging forward reads...
  Merging reverse reads...
  Completed: E5_13E_19_08
Processing sublibrary: E6_13E_13_06
  Merging forward reads...
  Merging reverse reads...
  Completed: E6_13E_13_06
Processing sublibrary: F1_13F_13_12
  Merging forward reads...
  Merging reverse reads...
  Completed: F1_13F_13_12
Processing sublibrary: F2_13F_13_02
  Merging forward reads...
  Merging reverse reads...
  Completed: F2_13F_13_02
Processing sublibrary: F3_13F_13_03
  Merging forward reads...
  Merging reverse reads...
  Completed: F3_13F_13_03
Processing sublibrary: F4_13F_13_04
  Merging forward reads...
  Merging reverse reads...
  Completed: F4_13F_13_04
Processing sublibrary: F5_13F_19_08
  Merging forward reads...
  Merging reverse reads...
  Completed: F5_13F_19_08
Processing sublibrary: F6_13F_13_06
  Merging forward reads...
  Merging reverse reads...
  Completed: F6_13F_13_06
Processing sublibrary: G1_13G_13_12
  Merging forward reads...
  Merging reverse reads...
  Completed: G1_13G_13_12
Processing sublibrary: G2_13G_13_02
  Merging forward reads...
  Merging reverse reads...
  Completed: G2_13G_13_02
Processing sublibrary: G3_13G_13_03
  Merging forward reads...
  Merging reverse reads...
  Completed: G3_13G_13_03
Processing sublibrary: G4_13G_13_04
  Merging forward reads...
  Merging reverse reads...
  Completed: G4_13G_13_04
Processing sublibrary: G5_13G_19_08
  Merging forward reads...
  Merging reverse reads...
  Completed: G5_13G_19_08
Processing sublibrary: G6_13G_13_06
  Merging forward reads...
  Merging reverse reads...
  Completed: G6_13G_13_06
Processing sublibrary: H1_20H_13_12
  Merging forward reads...
  Merging reverse reads...
  Completed: H1_20H_13_12
Processing sublibrary: H2_20H_13_02
  Merging forward reads...
  Merging reverse reads...
  Completed: H2_20H_13_02
Processing sublibrary: H3_20H_13_03
  Merging forward reads...
  Merging reverse reads...
  Completed: H3_20H_13_03
Processing sublibrary: H4_20H_13_04
  Merging forward reads...
  Merging reverse reads...
  Completed: H4_20H_13_04
Processing sublibrary: H5_20H_19_08
  Merging forward reads...
  Merging reverse reads...
  Completed: H5_20H_19_08
Processing sublibrary: H6_20H_13_06
  Merging forward reads...
  Merging reverse reads...
  Completed: H6_20H_13_06
Lane merging completed!
Merged files are in: qiime2/import/merged_files/
Job completed at: Thu  5 Jun 12:58:49 BST 2025
