Processing paired-end data.
Using Phred+33 encoding for quality scores.
Found 1 paired input file(s).
Searching for single and paired-end, inlined barcodes.
Loaded 14 barcodes (8bp / 8bp).
Processing file 1 of 1 [A1_13A_13_12_R1.trimmed.fq.gz]
  Reading data from:
  qiime2/import/trimmed_reads/A1_13A_13_12_R1.trimmed.fq.gz and
  qiime2/import/trimmed_reads/A1_13A_13_12_R2.trimmed.fq.gz
  Processing pairs of RAD-Tags...
  1781926 total reads; -145176 ambiguous barcodes; -0 ambiguous RAD-Tags; +0 recovered; -0 low quality reads; 1636750 retained reads.
Closing files, flushing buffers...done.

1781926 total sequences
 145176 barcode not found drops (8.1%)
      0 low quality read drops (0.0%)
      0 RAD cutsite not found drops (0.0%)
1636750 retained reads (91.9%)

Details logged: 'temp_A1_13A_13_12/process_radtags.trimmed_reads.log'
For a summary, execute one or more:
  stacks-dist-extract temp_A1_13A_13_12/process_radtags.trimmed_reads.log total_raw_read_counts
  stacks-dist-extract --pretty temp_A1_13A_13_12/process_radtags.trimmed_reads.log per_barcode_raw_read_counts
process_radtags is done.
Processing paired-end data.
Using Phred+33 encoding for quality scores.
Found 1 paired input file(s).
Searching for single and paired-end, inlined barcodes.
Loaded 14 barcodes (8bp / 8bp).
Processing file 1 of 1 [A2_13A_13_02_R1.trimmed.fq.gz]
  Reading data from:
  qiime2/import/trimmed_reads/A2_13A_13_02_R1.trimmed.fq.gz and
  qiime2/import/trimmed_reads/A2_13A_13_02_R2.trimmed.fq.gz
  Processing pairs of RAD-Tags...1M...
  2326514 total reads; -88366 ambiguous barcodes; -0 ambiguous RAD-Tags; +0 recovered; -0 low quality reads; 2238148 retained reads.
Closing files, flushing buffers...done.

2326514 total sequences
  88366 barcode not found drops (3.8%)
      0 low quality read drops (0.0%)
      0 RAD cutsite not found drops (0.0%)
2238148 retained reads (96.2%)

Details logged: 'temp_A2_13A_13_02/process_radtags.trimmed_reads.log'
For a summary, execute one or more:
  stacks-dist-extract temp_A2_13A_13_02/process_radtags.trimmed_reads.log total_raw_read_counts
  stacks-dist-extract --pretty temp_A2_13A_13_02/process_radtags.trimmed_reads.log per_barcode_raw_read_counts
process_radtags is done.
Processing paired-end data.
Using Phred+33 encoding for quality scores.
Found 1 paired input file(s).
Searching for single and paired-end, inlined barcodes.
Loaded 14 barcodes (8bp / 8bp).
Processing file 1 of 1 [A3_13A_13_03_R1.trimmed.fq.gz]
  Reading data from:
  qiime2/import/trimmed_reads/A3_13A_13_03_R1.trimmed.fq.gz and
  qiime2/import/trimmed_reads/A3_13A_13_03_R2.trimmed.fq.gz
  Processing pairs of RAD-Tags...
  1989300 total reads; -56800 ambiguous barcodes; -0 ambiguous RAD-Tags; +0 recovered; -0 low quality reads; 1932500 retained reads.
Closing files, flushing buffers...done.

1989300 total sequences
  56800 barcode not found drops (2.9%)
      0 low quality read drops (0.0%)
      0 RAD cutsite not found drops (0.0%)
1932500 retained reads (97.1%)

Details logged: 'temp_A3_13A_13_03/process_radtags.trimmed_reads.log'
For a summary, execute one or more:
  stacks-dist-extract temp_A3_13A_13_03/process_radtags.trimmed_reads.log total_raw_read_counts
  stacks-dist-extract --pretty temp_A3_13A_13_03/process_radtags.trimmed_reads.log per_barcode_raw_read_counts
process_radtags is done.
Processing paired-end data.
Using Phred+33 encoding for quality scores.
Found 1 paired input file(s).
Searching for single and paired-end, inlined barcodes.
Loaded 14 barcodes (8bp / 8bp).
Processing file 1 of 1 [A4_13A_13_04_R1.trimmed.fq.gz]
  Reading data from:
  qiime2/import/trimmed_reads/A4_13A_13_04_R1.trimmed.fq.gz and
  qiime2/import/trimmed_reads/A4_13A_13_04_R2.trimmed.fq.gz
  Processing pairs of RAD-Tags...1M...
  2242314 total reads; -106820 ambiguous barcodes; -0 ambiguous RAD-Tags; +0 recovered; -0 low quality reads; 2135494 retained reads.
Closing files, flushing buffers...done.

2242314 total sequences
 106820 barcode not found drops (4.8%)
      0 low quality read drops (0.0%)
      0 RAD cutsite not found drops (0.0%)
2135494 retained reads (95.2%)

Details logged: 'temp_A4_13A_13_04/process_radtags.trimmed_reads.log'
For a summary, execute one or more:
  stacks-dist-extract temp_A4_13A_13_04/process_radtags.trimmed_reads.log total_raw_read_counts
  stacks-dist-extract --pretty temp_A4_13A_13_04/process_radtags.trimmed_reads.log per_barcode_raw_read_counts
process_radtags is done.
Processing paired-end data.
Using Phred+33 encoding for quality scores.
Found 1 paired input file(s).
Searching for single and paired-end, inlined barcodes.
Loaded 14 barcodes (8bp / 8bp).
Processing file 1 of 1 [A5_13A_19_08_R1.trimmed.fq.gz]
  Reading data from:
  qiime2/import/trimmed_reads/A5_13A_19_08_R1.trimmed.fq.gz and
  qiime2/import/trimmed_reads/A5_13A_19_08_R2.trimmed.fq.gz
  Processing pairs of RAD-Tags...1M...
  2017722 total reads; -101794 ambiguous barcodes; -0 ambiguous RAD-Tags; +0 recovered; -0 low quality reads; 1915928 retained reads.
Closing files, flushing buffers...done.

2017722 total sequences
 101794 barcode not found drops (5.0%)
      0 low quality read drops (0.0%)
      0 RAD cutsite not found drops (0.0%)
1915928 retained reads (95.0%)

Details logged: 'temp_A5_13A_19_08/process_radtags.trimmed_reads.log'
For a summary, execute one or more:
  stacks-dist-extract temp_A5_13A_19_08/process_radtags.trimmed_reads.log total_raw_read_counts
  stacks-dist-extract --pretty temp_A5_13A_19_08/process_radtags.trimmed_reads.log per_barcode_raw_read_counts
process_radtags is done.
Processing paired-end data.
Using Phred+33 encoding for quality scores.
Found 1 paired input file(s).
Searching for single and paired-end, inlined barcodes.
Loaded 14 barcodes (8bp / 8bp).
Processing file 1 of 1 [A6_13A_13_06_R1.trimmed.fq.gz]
  Reading data from:
  qiime2/import/trimmed_reads/A6_13A_13_06_R1.trimmed.fq.gz and
  qiime2/import/trimmed_reads/A6_13A_13_06_R2.trimmed.fq.gz
  Processing pairs of RAD-Tags...1M...
  2279976 total reads; -58988 ambiguous barcodes; -0 ambiguous RAD-Tags; +0 recovered; -0 low quality reads; 2220988 retained reads.
Closing files, flushing buffers...done.

2279976 total sequences
  58988 barcode not found drops (2.6%)
      0 low quality read drops (0.0%)
      0 RAD cutsite not found drops (0.0%)
2220988 retained reads (97.4%)

Details logged: 'temp_A6_13A_13_06/process_radtags.trimmed_reads.log'
For a summary, execute one or more:
  stacks-dist-extract temp_A6_13A_13_06/process_radtags.trimmed_reads.log total_raw_read_counts
  stacks-dist-extract --pretty temp_A6_13A_13_06/process_radtags.trimmed_reads.log per_barcode_raw_read_counts
process_radtags is done.
Processing paired-end data.
Using Phred+33 encoding for quality scores.
Found 1 paired input file(s).
Searching for single and paired-end, inlined barcodes.
Loaded 14 barcodes (8bp / 8bp).
Processing file 1 of 1 [B1_13B_13_12_R1.trimmed.fq.gz]
  Reading data from:
  qiime2/import/trimmed_reads/B1_13B_13_12_R1.trimmed.fq.gz and
  qiime2/import/trimmed_reads/B1_13B_13_12_R2.trimmed.fq.gz
  Processing pairs of RAD-Tags...1M...
  2021592 total reads; -72560 ambiguous barcodes; -0 ambiguous RAD-Tags; +0 recovered; -0 low quality reads; 1949032 retained reads.
Closing files, flushing buffers...done.

2021592 total sequences
  72560 barcode not found drops (3.6%)
      0 low quality read drops (0.0%)
      0 RAD cutsite not found drops (0.0%)
1949032 retained reads (96.4%)

Details logged: 'temp_B1_13B_13_12/process_radtags.trimmed_reads.log'
For a summary, execute one or more:
  stacks-dist-extract temp_B1_13B_13_12/process_radtags.trimmed_reads.log total_raw_read_counts
  stacks-dist-extract --pretty temp_B1_13B_13_12/process_radtags.trimmed_reads.log per_barcode_raw_read_counts
process_radtags is done.
Processing paired-end data.
Using Phred+33 encoding for quality scores.
Found 1 paired input file(s).
Searching for single and paired-end, inlined barcodes.
Loaded 14 barcodes (8bp / 8bp).
Processing file 1 of 1 [B2_13B_13_02_R1.trimmed.fq.gz]
  Reading data from:
  qiime2/import/trimmed_reads/B2_13B_13_02_R1.trimmed.fq.gz and
  qiime2/import/trimmed_reads/B2_13B_13_02_R2.trimmed.fq.gz
  Processing pairs of RAD-Tags...1M...
  2366498 total reads; -55810 ambiguous barcodes; -0 ambiguous RAD-Tags; +0 recovered; -0 low quality reads; 2310688 retained reads.
Closing files, flushing buffers...done.

2366498 total sequences
  55810 barcode not found drops (2.4%)
      0 low quality read drops (0.0%)
      0 RAD cutsite not found drops (0.0%)
2310688 retained reads (97.6%)

Details logged: 'temp_B2_13B_13_02/process_radtags.trimmed_reads.log'
For a summary, execute one or more:
  stacks-dist-extract temp_B2_13B_13_02/process_radtags.trimmed_reads.log total_raw_read_counts
  stacks-dist-extract --pretty temp_B2_13B_13_02/process_radtags.trimmed_reads.log per_barcode_raw_read_counts
process_radtags is done.
Processing paired-end data.
Using Phred+33 encoding for quality scores.
Found 1 paired input file(s).
Searching for single and paired-end, inlined barcodes.
Loaded 14 barcodes (8bp / 8bp).
Processing file 1 of 1 [B3_13B_13_03_R1.trimmed.fq.gz]
  Reading data from:
  qiime2/import/trimmed_reads/B3_13B_13_03_R1.trimmed.fq.gz and
  qiime2/import/trimmed_reads/B3_13B_13_03_R2.trimmed.fq.gz
  Processing pairs of RAD-Tags...1M...
  2212560 total reads; -55820 ambiguous barcodes; -0 ambiguous RAD-Tags; +0 recovered; -0 low quality reads; 2156740 retained reads.
Closing files, flushing buffers...done.

2212560 total sequences
  55820 barcode not found drops (2.5%)
      0 low quality read drops (0.0%)
      0 RAD cutsite not found drops (0.0%)
2156740 retained reads (97.5%)

Details logged: 'temp_B3_13B_13_03/process_radtags.trimmed_reads.log'
For a summary, execute one or more:
  stacks-dist-extract temp_B3_13B_13_03/process_radtags.trimmed_reads.log total_raw_read_counts
  stacks-dist-extract --pretty temp_B3_13B_13_03/process_radtags.trimmed_reads.log per_barcode_raw_read_counts
process_radtags is done.
Processing paired-end data.
Using Phred+33 encoding for quality scores.
Found 1 paired input file(s).
Searching for single and paired-end, inlined barcodes.
Loaded 14 barcodes (8bp / 8bp).
Processing file 1 of 1 [B4_13B_13_04_R1.trimmed.fq.gz]
  Reading data from:
  qiime2/import/trimmed_reads/B4_13B_13_04_R1.trimmed.fq.gz and
  qiime2/import/trimmed_reads/B4_13B_13_04_R2.trimmed.fq.gz
  Processing pairs of RAD-Tags...
  1334302 total reads; -164240 ambiguous barcodes; -0 ambiguous RAD-Tags; +0 recovered; -0 low quality reads; 1170062 retained reads.
Closing files, flushing buffers...done.

1334302 total sequences
 164240 barcode not found drops (12.3%)
      0 low quality read drops (0.0%)
      0 RAD cutsite not found drops (0.0%)
1170062 retained reads (87.7%)

Details logged: 'temp_B4_13B_13_04/process_radtags.trimmed_reads.log'
For a summary, execute one or more:
  stacks-dist-extract temp_B4_13B_13_04/process_radtags.trimmed_reads.log total_raw_read_counts
  stacks-dist-extract --pretty temp_B4_13B_13_04/process_radtags.trimmed_reads.log per_barcode_raw_read_counts
process_radtags is done.
Processing paired-end data.
Using Phred+33 encoding for quality scores.
Found 1 paired input file(s).
Searching for single and paired-end, inlined barcodes.
Loaded 14 barcodes (8bp / 8bp).
Processing file 1 of 1 [B5_13B_19_08_R1.trimmed.fq.gz]
  Reading data from:
  qiime2/import/trimmed_reads/B5_13B_19_08_R1.trimmed.fq.gz and
  qiime2/import/trimmed_reads/B5_13B_19_08_R2.trimmed.fq.gz
  Processing pairs of RAD-Tags...1M...
  2330728 total reads; -65936 ambiguous barcodes; -0 ambiguous RAD-Tags; +0 recovered; -0 low quality reads; 2264792 retained reads.
Closing files, flushing buffers...done.

2330728 total sequences
  65936 barcode not found drops (2.8%)
      0 low quality read drops (0.0%)
      0 RAD cutsite not found drops (0.0%)
2264792 retained reads (97.2%)

Details logged: 'temp_B5_13B_19_08/process_radtags.trimmed_reads.log'
For a summary, execute one or more:
  stacks-dist-extract temp_B5_13B_19_08/process_radtags.trimmed_reads.log total_raw_read_counts
  stacks-dist-extract --pretty temp_B5_13B_19_08/process_radtags.trimmed_reads.log per_barcode_raw_read_counts
process_radtags is done.
Processing paired-end data.
Using Phred+33 encoding for quality scores.
Found 1 paired input file(s).
Searching for single and paired-end, inlined barcodes.
Loaded 14 barcodes (8bp / 8bp).
Processing file 1 of 1 [B6_13B_13_06_R1.trimmed.fq.gz]
  Reading data from:
  qiime2/import/trimmed_reads/B6_13B_13_06_R1.trimmed.fq.gz and
  qiime2/import/trimmed_reads/B6_13B_13_06_R2.trimmed.fq.gz
  Processing pairs of RAD-Tags...1M...
  2110160 total reads; -105818 ambiguous barcodes; -0 ambiguous RAD-Tags; +0 recovered; -0 low quality reads; 2004342 retained reads.
Closing files, flushing buffers...done.

2110160 total sequences
 105818 barcode not found drops (5.0%)
      0 low quality read drops (0.0%)
      0 RAD cutsite not found drops (0.0%)
2004342 retained reads (95.0%)

Details logged: 'temp_B6_13B_13_06/process_radtags.trimmed_reads.log'
For a summary, execute one or more:
  stacks-dist-extract temp_B6_13B_13_06/process_radtags.trimmed_reads.log total_raw_read_counts
  stacks-dist-extract --pretty temp_B6_13B_13_06/process_radtags.trimmed_reads.log per_barcode_raw_read_counts
process_radtags is done.
Processing paired-end data.
Using Phred+33 encoding for quality scores.
Found 1 paired input file(s).
Searching for single and paired-end, inlined barcodes.
Loaded 14 barcodes (8bp / 8bp).
Processing file 1 of 1 [C1_14C_13_12_R1.trimmed.fq.gz]
  Reading data from:
  qiime2/import/trimmed_reads/C1_14C_13_12_R1.trimmed.fq.gz and
  qiime2/import/trimmed_reads/C1_14C_13_12_R2.trimmed.fq.gz
  Processing pairs of RAD-Tags...1M...
  2144588 total reads; -46636 ambiguous barcodes; -0 ambiguous RAD-Tags; +0 recovered; -0 low quality reads; 2097952 retained reads.
Closing files, flushing buffers...done.

2144588 total sequences
  46636 barcode not found drops (2.2%)
      0 low quality read drops (0.0%)
      0 RAD cutsite not found drops (0.0%)
2097952 retained reads (97.8%)

Details logged: 'temp_C1_14C_13_12/process_radtags.trimmed_reads.log'
For a summary, execute one or more:
  stacks-dist-extract temp_C1_14C_13_12/process_radtags.trimmed_reads.log total_raw_read_counts
  stacks-dist-extract --pretty temp_C1_14C_13_12/process_radtags.trimmed_reads.log per_barcode_raw_read_counts
process_radtags is done.
Processing paired-end data.
Using Phred+33 encoding for quality scores.
Found 1 paired input file(s).
Searching for single and paired-end, inlined barcodes.
Loaded 14 barcodes (8bp / 8bp).
Processing file 1 of 1 [C2_14C_13_02_R1.trimmed.fq.gz]
  Reading data from:
  qiime2/import/trimmed_reads/C2_14C_13_02_R1.trimmed.fq.gz and
  qiime2/import/trimmed_reads/C2_14C_13_02_R2.trimmed.fq.gz
  Processing pairs of RAD-Tags...1M...
  2346194 total reads; -50046 ambiguous barcodes; -0 ambiguous RAD-Tags; +0 recovered; -0 low quality reads; 2296148 retained reads.
Closing files, flushing buffers...done.

2346194 total sequences
  50046 barcode not found drops (2.1%)
      0 low quality read drops (0.0%)
      0 RAD cutsite not found drops (0.0%)
2296148 retained reads (97.9%)

Details logged: 'temp_C2_14C_13_02/process_radtags.trimmed_reads.log'
For a summary, execute one or more:
  stacks-dist-extract temp_C2_14C_13_02/process_radtags.trimmed_reads.log total_raw_read_counts
  stacks-dist-extract --pretty temp_C2_14C_13_02/process_radtags.trimmed_reads.log per_barcode_raw_read_counts
process_radtags is done.
Processing paired-end data.
Using Phred+33 encoding for quality scores.
Found 1 paired input file(s).
Searching for single and paired-end, inlined barcodes.
Loaded 14 barcodes (8bp / 8bp).
Processing file 1 of 1 [C3_14C_13_03_R1.trimmed.fq.gz]
  Reading data from:
  qiime2/import/trimmed_reads/C3_14C_13_03_R1.trimmed.fq.gz and
  qiime2/import/trimmed_reads/C3_14C_13_03_R2.trimmed.fq.gz
  Processing pairs of RAD-Tags...1M...
  2109252 total reads; -45460 ambiguous barcodes; -0 ambiguous RAD-Tags; +0 recovered; -0 low quality reads; 2063792 retained reads.
Closing files, flushing buffers...done.

2109252 total sequences
  45460 barcode not found drops (2.2%)
      0 low quality read drops (0.0%)
      0 RAD cutsite not found drops (0.0%)
2063792 retained reads (97.8%)

Details logged: 'temp_C3_14C_13_03/process_radtags.trimmed_reads.log'
For a summary, execute one or more:
  stacks-dist-extract temp_C3_14C_13_03/process_radtags.trimmed_reads.log total_raw_read_counts
  stacks-dist-extract --pretty temp_C3_14C_13_03/process_radtags.trimmed_reads.log per_barcode_raw_read_counts
process_radtags is done.
Processing paired-end data.
Using Phred+33 encoding for quality scores.
Found 1 paired input file(s).
Searching for single and paired-end, inlined barcodes.
Loaded 14 barcodes (8bp / 8bp).
Processing file 1 of 1 [C4_14C_13_04_R1.trimmed.fq.gz]
  Reading data from:
  qiime2/import/trimmed_reads/C4_14C_13_04_R1.trimmed.fq.gz and
  qiime2/import/trimmed_reads/C4_14C_13_04_R2.trimmed.fq.gz
  Processing pairs of RAD-Tags...1M...
  2599662 total reads; -53306 ambiguous barcodes; -0 ambiguous RAD-Tags; +0 recovered; -0 low quality reads; 2546356 retained reads.
Closing files, flushing buffers...done.

2599662 total sequences
  53306 barcode not found drops (2.1%)
      0 low quality read drops (0.0%)
      0 RAD cutsite not found drops (0.0%)
2546356 retained reads (97.9%)

Details logged: 'temp_C4_14C_13_04/process_radtags.trimmed_reads.log'
For a summary, execute one or more:
  stacks-dist-extract temp_C4_14C_13_04/process_radtags.trimmed_reads.log total_raw_read_counts
  stacks-dist-extract --pretty temp_C4_14C_13_04/process_radtags.trimmed_reads.log per_barcode_raw_read_counts
process_radtags is done.
Processing paired-end data.
Using Phred+33 encoding for quality scores.
Found 1 paired input file(s).
Searching for single and paired-end, inlined barcodes.
Loaded 14 barcodes (8bp / 8bp).
Processing file 1 of 1 [C5_14C_19_08_R1.trimmed.fq.gz]
  Reading data from:
  qiime2/import/trimmed_reads/C5_14C_19_08_R1.trimmed.fq.gz and
  qiime2/import/trimmed_reads/C5_14C_19_08_R2.trimmed.fq.gz
  Processing pairs of RAD-Tags...1M...
  2589580 total reads; -52924 ambiguous barcodes; -0 ambiguous RAD-Tags; +0 recovered; -0 low quality reads; 2536656 retained reads.
Closing files, flushing buffers...done.

2589580 total sequences
  52924 barcode not found drops (2.0%)
      0 low quality read drops (0.0%)
      0 RAD cutsite not found drops (0.0%)
2536656 retained reads (98.0%)

Details logged: 'temp_C5_14C_19_08/process_radtags.trimmed_reads.log'
For a summary, execute one or more:
  stacks-dist-extract temp_C5_14C_19_08/process_radtags.trimmed_reads.log total_raw_read_counts
  stacks-dist-extract --pretty temp_C5_14C_19_08/process_radtags.trimmed_reads.log per_barcode_raw_read_counts
process_radtags is done.
Processing paired-end data.
Using Phred+33 encoding for quality scores.
Found 1 paired input file(s).
Searching for single and paired-end, inlined barcodes.
Loaded 14 barcodes (8bp / 8bp).
Processing file 1 of 1 [C6_14C_13_06_R1.trimmed.fq.gz]
  Reading data from:
  qiime2/import/trimmed_reads/C6_14C_13_06_R1.trimmed.fq.gz and
  qiime2/import/trimmed_reads/C6_14C_13_06_R2.trimmed.fq.gz
  Processing pairs of RAD-Tags...
  1900408 total reads; -45024 ambiguous barcodes; -0 ambiguous RAD-Tags; +0 recovered; -0 low quality reads; 1855384 retained reads.
Closing files, flushing buffers...done.

1900408 total sequences
  45024 barcode not found drops (2.4%)
      0 low quality read drops (0.0%)
      0 RAD cutsite not found drops (0.0%)
1855384 retained reads (97.6%)

Details logged: 'temp_C6_14C_13_06/process_radtags.trimmed_reads.log'
For a summary, execute one or more:
  stacks-dist-extract temp_C6_14C_13_06/process_radtags.trimmed_reads.log total_raw_read_counts
  stacks-dist-extract --pretty temp_C6_14C_13_06/process_radtags.trimmed_reads.log per_barcode_raw_read_counts
process_radtags is done.
Processing paired-end data.
Using Phred+33 encoding for quality scores.
Found 1 paired input file(s).
Searching for single and paired-end, inlined barcodes.
Loaded 14 barcodes (8bp / 8bp).
Processing file 1 of 1 [D1_14B_13_12_R1.trimmed.fq.gz]
  Reading data from:
  qiime2/import/trimmed_reads/D1_14B_13_12_R1.trimmed.fq.gz and
  qiime2/import/trimmed_reads/D1_14B_13_12_R2.trimmed.fq.gz
  Processing pairs of RAD-Tags...1M...
  2168864 total reads; -45918 ambiguous barcodes; -0 ambiguous RAD-Tags; +0 recovered; -0 low quality reads; 2122946 retained reads.
Closing files, flushing buffers...done.

2168864 total sequences
  45918 barcode not found drops (2.1%)
      0 low quality read drops (0.0%)
      0 RAD cutsite not found drops (0.0%)
2122946 retained reads (97.9%)

Details logged: 'temp_D1_14B_13_12/process_radtags.trimmed_reads.log'
For a summary, execute one or more:
  stacks-dist-extract temp_D1_14B_13_12/process_radtags.trimmed_reads.log total_raw_read_counts
  stacks-dist-extract --pretty temp_D1_14B_13_12/process_radtags.trimmed_reads.log per_barcode_raw_read_counts
process_radtags is done.
Processing paired-end data.
Using Phred+33 encoding for quality scores.
Found 1 paired input file(s).
Searching for single and paired-end, inlined barcodes.
Loaded 14 barcodes (8bp / 8bp).
Processing file 1 of 1 [D2_14B_13_02_R1.trimmed.fq.gz]
  Reading data from:
  qiime2/import/trimmed_reads/D2_14B_13_02_R1.trimmed.fq.gz and
  qiime2/import/trimmed_reads/D2_14B_13_02_R2.trimmed.fq.gz
  Processing pairs of RAD-Tags...1M...
  2364216 total reads; -48756 ambiguous barcodes; -0 ambiguous RAD-Tags; +0 recovered; -0 low quality reads; 2315460 retained reads.
Closing files, flushing buffers...done.

2364216 total sequences
  48756 barcode not found drops (2.1%)
      0 low quality read drops (0.0%)
      0 RAD cutsite not found drops (0.0%)
2315460 retained reads (97.9%)

Details logged: 'temp_D2_14B_13_02/process_radtags.trimmed_reads.log'
For a summary, execute one or more:
  stacks-dist-extract temp_D2_14B_13_02/process_radtags.trimmed_reads.log total_raw_read_counts
  stacks-dist-extract --pretty temp_D2_14B_13_02/process_radtags.trimmed_reads.log per_barcode_raw_read_counts
process_radtags is done.
Processing paired-end data.
Using Phred+33 encoding for quality scores.
Found 1 paired input file(s).
Searching for single and paired-end, inlined barcodes.
Loaded 14 barcodes (8bp / 8bp).
Processing file 1 of 1 [D3_14B_13_03_R1.trimmed.fq.gz]
  Reading data from:
  qiime2/import/trimmed_reads/D3_14B_13_03_R1.trimmed.fq.gz and
  qiime2/import/trimmed_reads/D3_14B_13_03_R2.trimmed.fq.gz
  Processing pairs of RAD-Tags...1M...
  2278780 total reads; -46116 ambiguous barcodes; -0 ambiguous RAD-Tags; +0 recovered; -0 low quality reads; 2232664 retained reads.
Closing files, flushing buffers...done.

2278780 total sequences
  46116 barcode not found drops (2.0%)
      0 low quality read drops (0.0%)
      0 RAD cutsite not found drops (0.0%)
2232664 retained reads (98.0%)

Details logged: 'temp_D3_14B_13_03/process_radtags.trimmed_reads.log'
For a summary, execute one or more:
  stacks-dist-extract temp_D3_14B_13_03/process_radtags.trimmed_reads.log total_raw_read_counts
  stacks-dist-extract --pretty temp_D3_14B_13_03/process_radtags.trimmed_reads.log per_barcode_raw_read_counts
process_radtags is done.
Processing paired-end data.
Using Phred+33 encoding for quality scores.
Found 1 paired input file(s).
Searching for single and paired-end, inlined barcodes.
Loaded 14 barcodes (8bp / 8bp).
Processing file 1 of 1 [D4_14B_13_04_R1.trimmed.fq.gz]
  Reading data from:
  qiime2/import/trimmed_reads/D4_14B_13_04_R1.trimmed.fq.gz and
  qiime2/import/trimmed_reads/D4_14B_13_04_R2.trimmed.fq.gz
  Processing pairs of RAD-Tags...1M...
  2379086 total reads; -48190 ambiguous barcodes; -0 ambiguous RAD-Tags; +0 recovered; -0 low quality reads; 2330896 retained reads.
Closing files, flushing buffers...done.

2379086 total sequences
  48190 barcode not found drops (2.0%)
      0 low quality read drops (0.0%)
      0 RAD cutsite not found drops (0.0%)
2330896 retained reads (98.0%)

Details logged: 'temp_D4_14B_13_04/process_radtags.trimmed_reads.log'
For a summary, execute one or more:
  stacks-dist-extract temp_D4_14B_13_04/process_radtags.trimmed_reads.log total_raw_read_counts
  stacks-dist-extract --pretty temp_D4_14B_13_04/process_radtags.trimmed_reads.log per_barcode_raw_read_counts
process_radtags is done.
Processing paired-end data.
Using Phred+33 encoding for quality scores.
Found 1 paired input file(s).
Searching for single and paired-end, inlined barcodes.
Loaded 14 barcodes (8bp / 8bp).
Processing file 1 of 1 [D5_14B_19_08_R1.trimmed.fq.gz]
  Reading data from:
  qiime2/import/trimmed_reads/D5_14B_19_08_R1.trimmed.fq.gz and
  qiime2/import/trimmed_reads/D5_14B_19_08_R2.trimmed.fq.gz
  Processing pairs of RAD-Tags...1M...
  2523446 total reads; -49980 ambiguous barcodes; -0 ambiguous RAD-Tags; +0 recovered; -0 low quality reads; 2473466 retained reads.
Closing files, flushing buffers...done.

2523446 total sequences
  49980 barcode not found drops (2.0%)
      0 low quality read drops (0.0%)
      0 RAD cutsite not found drops (0.0%)
2473466 retained reads (98.0%)

Details logged: 'temp_D5_14B_19_08/process_radtags.trimmed_reads.log'
For a summary, execute one or more:
  stacks-dist-extract temp_D5_14B_19_08/process_radtags.trimmed_reads.log total_raw_read_counts
  stacks-dist-extract --pretty temp_D5_14B_19_08/process_radtags.trimmed_reads.log per_barcode_raw_read_counts
process_radtags is done.
Processing paired-end data.
Using Phred+33 encoding for quality scores.
Found 1 paired input file(s).
Searching for single and paired-end, inlined barcodes.
Loaded 14 barcodes (8bp / 8bp).
Processing file 1 of 1 [D6_14B_13_06_R1.trimmed.fq.gz]
  Reading data from:
  qiime2/import/trimmed_reads/D6_14B_13_06_R1.trimmed.fq.gz and
  qiime2/import/trimmed_reads/D6_14B_13_06_R2.trimmed.fq.gz
  Processing pairs of RAD-Tags...1M...
  2545114 total reads; -56548 ambiguous barcodes; -0 ambiguous RAD-Tags; +0 recovered; -0 low quality reads; 2488566 retained reads.
Closing files, flushing buffers...done.

2545114 total sequences
  56548 barcode not found drops (2.2%)
      0 low quality read drops (0.0%)
      0 RAD cutsite not found drops (0.0%)
2488566 retained reads (97.8%)

Details logged: 'temp_D6_14B_13_06/process_radtags.trimmed_reads.log'
For a summary, execute one or more:
  stacks-dist-extract temp_D6_14B_13_06/process_radtags.trimmed_reads.log total_raw_read_counts
  stacks-dist-extract --pretty temp_D6_14B_13_06/process_radtags.trimmed_reads.log per_barcode_raw_read_counts
process_radtags is done.
Processing paired-end data.
Using Phred+33 encoding for quality scores.
Found 1 paired input file(s).
Searching for single and paired-end, inlined barcodes.
Loaded 14 barcodes (8bp / 8bp).
Processing file 1 of 1 [E1_13E_13_12_R1.trimmed.fq.gz]
  Reading data from:
  qiime2/import/trimmed_reads/E1_13E_13_12_R1.trimmed.fq.gz and
  qiime2/import/trimmed_reads/E1_13E_13_12_R2.trimmed.fq.gz
  Processing pairs of RAD-Tags...1M...
  2141168 total reads; -45990 ambiguous barcodes; -0 ambiguous RAD-Tags; +0 recovered; -0 low quality reads; 2095178 retained reads.
Closing files, flushing buffers...done.

2141168 total sequences
  45990 barcode not found drops (2.1%)
      0 low quality read drops (0.0%)
      0 RAD cutsite not found drops (0.0%)
2095178 retained reads (97.9%)

Details logged: 'temp_E1_13E_13_12/process_radtags.trimmed_reads.log'
For a summary, execute one or more:
  stacks-dist-extract temp_E1_13E_13_12/process_radtags.trimmed_reads.log total_raw_read_counts
  stacks-dist-extract --pretty temp_E1_13E_13_12/process_radtags.trimmed_reads.log per_barcode_raw_read_counts
process_radtags is done.
Processing paired-end data.
Using Phred+33 encoding for quality scores.
Found 1 paired input file(s).
Searching for single and paired-end, inlined barcodes.
Loaded 14 barcodes (8bp / 8bp).
Processing file 1 of 1 [E2_13E_13_02_R1.trimmed.fq.gz]
  Reading data from:
  qiime2/import/trimmed_reads/E2_13E_13_02_R1.trimmed.fq.gz and
  qiime2/import/trimmed_reads/E2_13E_13_02_R2.trimmed.fq.gz
  Processing pairs of RAD-Tags...1M...
  2525206 total reads; -53112 ambiguous barcodes; -0 ambiguous RAD-Tags; +0 recovered; -0 low quality reads; 2472094 retained reads.
Closing files, flushing buffers...done.

2525206 total sequences
  53112 barcode not found drops (2.1%)
      0 low quality read drops (0.0%)
      0 RAD cutsite not found drops (0.0%)
2472094 retained reads (97.9%)

Details logged: 'temp_E2_13E_13_02/process_radtags.trimmed_reads.log'
For a summary, execute one or more:
  stacks-dist-extract temp_E2_13E_13_02/process_radtags.trimmed_reads.log total_raw_read_counts
  stacks-dist-extract --pretty temp_E2_13E_13_02/process_radtags.trimmed_reads.log per_barcode_raw_read_counts
process_radtags is done.
Processing paired-end data.
Using Phred+33 encoding for quality scores.
Found 1 paired input file(s).
Searching for single and paired-end, inlined barcodes.
Loaded 14 barcodes (8bp / 8bp).
Processing file 1 of 1 [E3_13E_13_03_R1.trimmed.fq.gz]
  Reading data from:
  qiime2/import/trimmed_reads/E3_13E_13_03_R1.trimmed.fq.gz and
  qiime2/import/trimmed_reads/E3_13E_13_03_R2.trimmed.fq.gz
  Processing pairs of RAD-Tags...1M...
  2625782 total reads; -54408 ambiguous barcodes; -0 ambiguous RAD-Tags; +0 recovered; -0 low quality reads; 2571374 retained reads.
Closing files, flushing buffers...done.

2625782 total sequences
  54408 barcode not found drops (2.1%)
      0 low quality read drops (0.0%)
      0 RAD cutsite not found drops (0.0%)
2571374 retained reads (97.9%)

Details logged: 'temp_E3_13E_13_03/process_radtags.trimmed_reads.log'
For a summary, execute one or more:
  stacks-dist-extract temp_E3_13E_13_03/process_radtags.trimmed_reads.log total_raw_read_counts
  stacks-dist-extract --pretty temp_E3_13E_13_03/process_radtags.trimmed_reads.log per_barcode_raw_read_counts
process_radtags is done.
Processing paired-end data.
Using Phred+33 encoding for quality scores.
Found 1 paired input file(s).
Searching for single and paired-end, inlined barcodes.
Loaded 14 barcodes (8bp / 8bp).
Processing file 1 of 1 [E4_13E_13_04_R1.trimmed.fq.gz]
  Reading data from:
  qiime2/import/trimmed_reads/E4_13E_13_04_R1.trimmed.fq.gz and
  qiime2/import/trimmed_reads/E4_13E_13_04_R2.trimmed.fq.gz
  Processing pairs of RAD-Tags...1M...
  2421578 total reads; -50242 ambiguous barcodes; -0 ambiguous RAD-Tags; +0 recovered; -0 low quality reads; 2371336 retained reads.
Closing files, flushing buffers...done.

2421578 total sequences
  50242 barcode not found drops (2.1%)
      0 low quality read drops (0.0%)
      0 RAD cutsite not found drops (0.0%)
2371336 retained reads (97.9%)

Details logged: 'temp_E4_13E_13_04/process_radtags.trimmed_reads.log'
For a summary, execute one or more:
  stacks-dist-extract temp_E4_13E_13_04/process_radtags.trimmed_reads.log total_raw_read_counts
  stacks-dist-extract --pretty temp_E4_13E_13_04/process_radtags.trimmed_reads.log per_barcode_raw_read_counts
process_radtags is done.
Processing paired-end data.
Using Phred+33 encoding for quality scores.
Found 1 paired input file(s).
Searching for single and paired-end, inlined barcodes.
Loaded 14 barcodes (8bp / 8bp).
Processing file 1 of 1 [E5_13E_19_08_R1.trimmed.fq.gz]
  Reading data from:
  qiime2/import/trimmed_reads/E5_13E_19_08_R1.trimmed.fq.gz and
  qiime2/import/trimmed_reads/E5_13E_19_08_R2.trimmed.fq.gz
  Processing pairs of RAD-Tags...1M...
  2285566 total reads; -48076 ambiguous barcodes; -0 ambiguous RAD-Tags; +0 recovered; -0 low quality reads; 2237490 retained reads.
Closing files, flushing buffers...done.

2285566 total sequences
  48076 barcode not found drops (2.1%)
      0 low quality read drops (0.0%)
      0 RAD cutsite not found drops (0.0%)
2237490 retained reads (97.9%)

Details logged: 'temp_E5_13E_19_08/process_radtags.trimmed_reads.log'
For a summary, execute one or more:
  stacks-dist-extract temp_E5_13E_19_08/process_radtags.trimmed_reads.log total_raw_read_counts
  stacks-dist-extract --pretty temp_E5_13E_19_08/process_radtags.trimmed_reads.log per_barcode_raw_read_counts
process_radtags is done.
Processing paired-end data.
Using Phred+33 encoding for quality scores.
Found 1 paired input file(s).
Searching for single and paired-end, inlined barcodes.
Loaded 14 barcodes (8bp / 8bp).
Processing file 1 of 1 [E6_13E_13_06_R1.trimmed.fq.gz]
  Reading data from:
  qiime2/import/trimmed_reads/E6_13E_13_06_R1.trimmed.fq.gz and
  qiime2/import/trimmed_reads/E6_13E_13_06_R2.trimmed.fq.gz
  Processing pairs of RAD-Tags...1M...
  2365334 total reads; -54098 ambiguous barcodes; -0 ambiguous RAD-Tags; +0 recovered; -0 low quality reads; 2311236 retained reads.
Closing files, flushing buffers...done.

2365334 total sequences
  54098 barcode not found drops (2.3%)
      0 low quality read drops (0.0%)
      0 RAD cutsite not found drops (0.0%)
2311236 retained reads (97.7%)

Details logged: 'temp_E6_13E_13_06/process_radtags.trimmed_reads.log'
For a summary, execute one or more:
  stacks-dist-extract temp_E6_13E_13_06/process_radtags.trimmed_reads.log total_raw_read_counts
  stacks-dist-extract --pretty temp_E6_13E_13_06/process_radtags.trimmed_reads.log per_barcode_raw_read_counts
process_radtags is done.
Processing paired-end data.
Using Phred+33 encoding for quality scores.
Found 1 paired input file(s).
Searching for single and paired-end, inlined barcodes.
Loaded 14 barcodes (8bp / 8bp).
Processing file 1 of 1 [F1_13F_13_12_R1.trimmed.fq.gz]
  Reading data from:
  qiime2/import/trimmed_reads/F1_13F_13_12_R1.trimmed.fq.gz and
  qiime2/import/trimmed_reads/F1_13F_13_12_R2.trimmed.fq.gz
  Processing pairs of RAD-Tags...1M...
  2023530 total reads; -43766 ambiguous barcodes; -0 ambiguous RAD-Tags; +0 recovered; -0 low quality reads; 1979764 retained reads.
Closing files, flushing buffers...done.

2023530 total sequences
  43766 barcode not found drops (2.2%)
      0 low quality read drops (0.0%)
      0 RAD cutsite not found drops (0.0%)
1979764 retained reads (97.8%)

Details logged: 'temp_F1_13F_13_12/process_radtags.trimmed_reads.log'
For a summary, execute one or more:
  stacks-dist-extract temp_F1_13F_13_12/process_radtags.trimmed_reads.log total_raw_read_counts
  stacks-dist-extract --pretty temp_F1_13F_13_12/process_radtags.trimmed_reads.log per_barcode_raw_read_counts
process_radtags is done.
Processing paired-end data.
Using Phred+33 encoding for quality scores.
Found 1 paired input file(s).
Searching for single and paired-end, inlined barcodes.
Loaded 14 barcodes (8bp / 8bp).
Processing file 1 of 1 [F2_13F_13_02_R1.trimmed.fq.gz]
  Reading data from:
  qiime2/import/trimmed_reads/F2_13F_13_02_R1.trimmed.fq.gz and
  qiime2/import/trimmed_reads/F2_13F_13_02_R2.trimmed.fq.gz
  Processing pairs of RAD-Tags...1M...
  2091512 total reads; -43232 ambiguous barcodes; -0 ambiguous RAD-Tags; +0 recovered; -0 low quality reads; 2048280 retained reads.
Closing files, flushing buffers...done.

2091512 total sequences
  43232 barcode not found drops (2.1%)
      0 low quality read drops (0.0%)
      0 RAD cutsite not found drops (0.0%)
2048280 retained reads (97.9%)

Details logged: 'temp_F2_13F_13_02/process_radtags.trimmed_reads.log'
For a summary, execute one or more:
  stacks-dist-extract temp_F2_13F_13_02/process_radtags.trimmed_reads.log total_raw_read_counts
  stacks-dist-extract --pretty temp_F2_13F_13_02/process_radtags.trimmed_reads.log per_barcode_raw_read_counts
process_radtags is done.
Processing paired-end data.
Using Phred+33 encoding for quality scores.
Found 1 paired input file(s).
Searching for single and paired-end, inlined barcodes.
Loaded 14 barcodes (8bp / 8bp).
Processing file 1 of 1 [F3_13F_13_03_R1.trimmed.fq.gz]
  Reading data from:
  qiime2/import/trimmed_reads/F3_13F_13_03_R1.trimmed.fq.gz and
  qiime2/import/trimmed_reads/F3_13F_13_03_R2.trimmed.fq.gz
  Processing pairs of RAD-Tags...1M...
  2099228 total reads; -43098 ambiguous barcodes; -0 ambiguous RAD-Tags; +0 recovered; -0 low quality reads; 2056130 retained reads.
Closing files, flushing buffers...done.

2099228 total sequences
  43098 barcode not found drops (2.1%)
      0 low quality read drops (0.0%)
      0 RAD cutsite not found drops (0.0%)
2056130 retained reads (97.9%)

Details logged: 'temp_F3_13F_13_03/process_radtags.trimmed_reads.log'
For a summary, execute one or more:
  stacks-dist-extract temp_F3_13F_13_03/process_radtags.trimmed_reads.log total_raw_read_counts
  stacks-dist-extract --pretty temp_F3_13F_13_03/process_radtags.trimmed_reads.log per_barcode_raw_read_counts
process_radtags is done.
Processing paired-end data.
Using Phred+33 encoding for quality scores.
Found 1 paired input file(s).
Searching for single and paired-end, inlined barcodes.
Loaded 14 barcodes (8bp / 8bp).
Processing file 1 of 1 [F4_13F_13_04_R1.trimmed.fq.gz]
  Reading data from:
  qiime2/import/trimmed_reads/F4_13F_13_04_R1.trimmed.fq.gz and
  qiime2/import/trimmed_reads/F4_13F_13_04_R2.trimmed.fq.gz
  Processing pairs of RAD-Tags...1M...
  2224238 total reads; -45332 ambiguous barcodes; -0 ambiguous RAD-Tags; +0 recovered; -0 low quality reads; 2178906 retained reads.
Closing files, flushing buffers...done.

2224238 total sequences
  45332 barcode not found drops (2.0%)
      0 low quality read drops (0.0%)
      0 RAD cutsite not found drops (0.0%)
2178906 retained reads (98.0%)

Details logged: 'temp_F4_13F_13_04/process_radtags.trimmed_reads.log'
For a summary, execute one or more:
  stacks-dist-extract temp_F4_13F_13_04/process_radtags.trimmed_reads.log total_raw_read_counts
  stacks-dist-extract --pretty temp_F4_13F_13_04/process_radtags.trimmed_reads.log per_barcode_raw_read_counts
process_radtags is done.
Processing paired-end data.
Using Phred+33 encoding for quality scores.
Found 1 paired input file(s).
Searching for single and paired-end, inlined barcodes.
Loaded 14 barcodes (8bp / 8bp).
Processing file 1 of 1 [F5_13F_19_08_R1.trimmed.fq.gz]
  Reading data from:
  qiime2/import/trimmed_reads/F5_13F_19_08_R1.trimmed.fq.gz and
  qiime2/import/trimmed_reads/F5_13F_19_08_R2.trimmed.fq.gz
  Processing pairs of RAD-Tags...1M...
  2417658 total reads; -48324 ambiguous barcodes; -0 ambiguous RAD-Tags; +0 recovered; -0 low quality reads; 2369334 retained reads.
Closing files, flushing buffers...done.

2417658 total sequences
  48324 barcode not found drops (2.0%)
      0 low quality read drops (0.0%)
      0 RAD cutsite not found drops (0.0%)
2369334 retained reads (98.0%)

Details logged: 'temp_F5_13F_19_08/process_radtags.trimmed_reads.log'
For a summary, execute one or more:
  stacks-dist-extract temp_F5_13F_19_08/process_radtags.trimmed_reads.log total_raw_read_counts
  stacks-dist-extract --pretty temp_F5_13F_19_08/process_radtags.trimmed_reads.log per_barcode_raw_read_counts
process_radtags is done.
Processing paired-end data.
Using Phred+33 encoding for quality scores.
Found 1 paired input file(s).
Searching for single and paired-end, inlined barcodes.
Loaded 14 barcodes (8bp / 8bp).
Processing file 1 of 1 [F6_13F_13_06_R1.trimmed.fq.gz]
  Reading data from:
  qiime2/import/trimmed_reads/F6_13F_13_06_R1.trimmed.fq.gz and
  qiime2/import/trimmed_reads/F6_13F_13_06_R2.trimmed.fq.gz
  Processing pairs of RAD-Tags...1M...
  2205260 total reads; -49998 ambiguous barcodes; -0 ambiguous RAD-Tags; +0 recovered; -0 low quality reads; 2155262 retained reads.
Closing files, flushing buffers...done.

2205260 total sequences
  49998 barcode not found drops (2.3%)
      0 low quality read drops (0.0%)
      0 RAD cutsite not found drops (0.0%)
2155262 retained reads (97.7%)

Details logged: 'temp_F6_13F_13_06/process_radtags.trimmed_reads.log'
For a summary, execute one or more:
  stacks-dist-extract temp_F6_13F_13_06/process_radtags.trimmed_reads.log total_raw_read_counts
  stacks-dist-extract --pretty temp_F6_13F_13_06/process_radtags.trimmed_reads.log per_barcode_raw_read_counts
process_radtags is done.
Processing paired-end data.
Using Phred+33 encoding for quality scores.
Found 1 paired input file(s).
Searching for single and paired-end, inlined barcodes.
Loaded 14 barcodes (8bp / 8bp).
Processing file 1 of 1 [G1_13G_13_12_R1.trimmed.fq.gz]
  Reading data from:
  qiime2/import/trimmed_reads/G1_13G_13_12_R1.trimmed.fq.gz and
  qiime2/import/trimmed_reads/G1_13G_13_12_R2.trimmed.fq.gz
  Processing pairs of RAD-Tags...1M...
  2069964 total reads; -46140 ambiguous barcodes; -0 ambiguous RAD-Tags; +0 recovered; -0 low quality reads; 2023824 retained reads.
Closing files, flushing buffers...done.

2069964 total sequences
  46140 barcode not found drops (2.2%)
      0 low quality read drops (0.0%)
      0 RAD cutsite not found drops (0.0%)
2023824 retained reads (97.8%)

Details logged: 'temp_G1_13G_13_12/process_radtags.trimmed_reads.log'
For a summary, execute one or more:
  stacks-dist-extract temp_G1_13G_13_12/process_radtags.trimmed_reads.log total_raw_read_counts
  stacks-dist-extract --pretty temp_G1_13G_13_12/process_radtags.trimmed_reads.log per_barcode_raw_read_counts
process_radtags is done.
Processing paired-end data.
Using Phred+33 encoding for quality scores.
Found 1 paired input file(s).
Searching for single and paired-end, inlined barcodes.
Loaded 14 barcodes (8bp / 8bp).
Processing file 1 of 1 [G2_13G_13_02_R1.trimmed.fq.gz]
  Reading data from:
  qiime2/import/trimmed_reads/G2_13G_13_02_R1.trimmed.fq.gz and
  qiime2/import/trimmed_reads/G2_13G_13_02_R2.trimmed.fq.gz
  Processing pairs of RAD-Tags...1M...
  2578124 total reads; -53710 ambiguous barcodes; -0 ambiguous RAD-Tags; +0 recovered; -0 low quality reads; 2524414 retained reads.
Closing files, flushing buffers...done.

2578124 total sequences
  53710 barcode not found drops (2.1%)
      0 low quality read drops (0.0%)
      0 RAD cutsite not found drops (0.0%)
2524414 retained reads (97.9%)

Details logged: 'temp_G2_13G_13_02/process_radtags.trimmed_reads.log'
For a summary, execute one or more:
  stacks-dist-extract temp_G2_13G_13_02/process_radtags.trimmed_reads.log total_raw_read_counts
  stacks-dist-extract --pretty temp_G2_13G_13_02/process_radtags.trimmed_reads.log per_barcode_raw_read_counts
process_radtags is done.
Processing paired-end data.
Using Phred+33 encoding for quality scores.
Found 1 paired input file(s).
Searching for single and paired-end, inlined barcodes.
Loaded 14 barcodes (8bp / 8bp).
Processing file 1 of 1 [G3_13G_13_03_R1.trimmed.fq.gz]
  Reading data from:
  qiime2/import/trimmed_reads/G3_13G_13_03_R1.trimmed.fq.gz and
  qiime2/import/trimmed_reads/G3_13G_13_03_R2.trimmed.fq.gz
  Processing pairs of RAD-Tags...1M...
  2187858 total reads; -44886 ambiguous barcodes; -0 ambiguous RAD-Tags; +0 recovered; -0 low quality reads; 2142972 retained reads.
Closing files, flushing buffers...done.

2187858 total sequences
  44886 barcode not found drops (2.1%)
      0 low quality read drops (0.0%)
      0 RAD cutsite not found drops (0.0%)
2142972 retained reads (97.9%)

Details logged: 'temp_G3_13G_13_03/process_radtags.trimmed_reads.log'
For a summary, execute one or more:
  stacks-dist-extract temp_G3_13G_13_03/process_radtags.trimmed_reads.log total_raw_read_counts
  stacks-dist-extract --pretty temp_G3_13G_13_03/process_radtags.trimmed_reads.log per_barcode_raw_read_counts
process_radtags is done.
Processing paired-end data.
Using Phred+33 encoding for quality scores.
Found 1 paired input file(s).
Searching for single and paired-end, inlined barcodes.
Loaded 14 barcodes (8bp / 8bp).
Processing file 1 of 1 [G4_13G_13_04_R1.trimmed.fq.gz]
  Reading data from:
  qiime2/import/trimmed_reads/G4_13G_13_04_R1.trimmed.fq.gz and
  qiime2/import/trimmed_reads/G4_13G_13_04_R2.trimmed.fq.gz
  Processing pairs of RAD-Tags...
  1963478 total reads; -40618 ambiguous barcodes; -0 ambiguous RAD-Tags; +0 recovered; -0 low quality reads; 1922860 retained reads.
Closing files, flushing buffers...done.

1963478 total sequences
  40618 barcode not found drops (2.1%)
      0 low quality read drops (0.0%)
      0 RAD cutsite not found drops (0.0%)
1922860 retained reads (97.9%)

Details logged: 'temp_G4_13G_13_04/process_radtags.trimmed_reads.log'
For a summary, execute one or more:
  stacks-dist-extract temp_G4_13G_13_04/process_radtags.trimmed_reads.log total_raw_read_counts
  stacks-dist-extract --pretty temp_G4_13G_13_04/process_radtags.trimmed_reads.log per_barcode_raw_read_counts
process_radtags is done.
Processing paired-end data.
Using Phred+33 encoding for quality scores.
Found 1 paired input file(s).
Searching for single and paired-end, inlined barcodes.
Loaded 14 barcodes (8bp / 8bp).
Processing file 1 of 1 [G5_13G_19_08_R1.trimmed.fq.gz]
  Reading data from:
  qiime2/import/trimmed_reads/G5_13G_19_08_R1.trimmed.fq.gz and
  qiime2/import/trimmed_reads/G5_13G_19_08_R2.trimmed.fq.gz
  Processing pairs of RAD-Tags...1M...
  2469240 total reads; -49776 ambiguous barcodes; -0 ambiguous RAD-Tags; +0 recovered; -0 low quality reads; 2419464 retained reads.
Closing files, flushing buffers...done.

2469240 total sequences
  49776 barcode not found drops (2.0%)
      0 low quality read drops (0.0%)
      0 RAD cutsite not found drops (0.0%)
2419464 retained reads (98.0%)

Details logged: 'temp_G5_13G_19_08/process_radtags.trimmed_reads.log'
For a summary, execute one or more:
  stacks-dist-extract temp_G5_13G_19_08/process_radtags.trimmed_reads.log total_raw_read_counts
  stacks-dist-extract --pretty temp_G5_13G_19_08/process_radtags.trimmed_reads.log per_barcode_raw_read_counts
process_radtags is done.
Processing paired-end data.
Using Phred+33 encoding for quality scores.
Found 1 paired input file(s).
Searching for single and paired-end, inlined barcodes.
Loaded 14 barcodes (8bp / 8bp).
Processing file 1 of 1 [G6_13G_13_06_R1.trimmed.fq.gz]
  Reading data from:
  qiime2/import/trimmed_reads/G6_13G_13_06_R1.trimmed.fq.gz and
  qiime2/import/trimmed_reads/G6_13G_13_06_R2.trimmed.fq.gz
  Processing pairs of RAD-Tags...1M...
  2429712 total reads; -55602 ambiguous barcodes; -0 ambiguous RAD-Tags; +0 recovered; -0 low quality reads; 2374110 retained reads.
Closing files, flushing buffers...done.

2429712 total sequences
  55602 barcode not found drops (2.3%)
      0 low quality read drops (0.0%)
      0 RAD cutsite not found drops (0.0%)
2374110 retained reads (97.7%)

Details logged: 'temp_G6_13G_13_06/process_radtags.trimmed_reads.log'
For a summary, execute one or more:
  stacks-dist-extract temp_G6_13G_13_06/process_radtags.trimmed_reads.log total_raw_read_counts
  stacks-dist-extract --pretty temp_G6_13G_13_06/process_radtags.trimmed_reads.log per_barcode_raw_read_counts
process_radtags is done.
Processing paired-end data.
Using Phred+33 encoding for quality scores.
Found 1 paired input file(s).
Searching for single and paired-end, inlined barcodes.
Loaded 14 barcodes (8bp / 8bp).
Processing file 1 of 1 [H1_20H_13_12_R1.trimmed.fq.gz]
  Reading data from:
  qiime2/import/trimmed_reads/H1_20H_13_12_R1.trimmed.fq.gz and
  qiime2/import/trimmed_reads/H1_20H_13_12_R2.trimmed.fq.gz
  Processing pairs of RAD-Tags...1M...
  2232934 total reads; -48752 ambiguous barcodes; -0 ambiguous RAD-Tags; +0 recovered; -0 low quality reads; 2184182 retained reads.
Closing files, flushing buffers...done.

2232934 total sequences
  48752 barcode not found drops (2.2%)
      0 low quality read drops (0.0%)
      0 RAD cutsite not found drops (0.0%)
2184182 retained reads (97.8%)

Details logged: 'temp_H1_20H_13_12/process_radtags.trimmed_reads.log'
For a summary, execute one or more:
  stacks-dist-extract temp_H1_20H_13_12/process_radtags.trimmed_reads.log total_raw_read_counts
  stacks-dist-extract --pretty temp_H1_20H_13_12/process_radtags.trimmed_reads.log per_barcode_raw_read_counts
process_radtags is done.
Processing paired-end data.
Using Phred+33 encoding for quality scores.
Found 1 paired input file(s).
Searching for single and paired-end, inlined barcodes.
Loaded 14 barcodes (8bp / 8bp).
Processing file 1 of 1 [H2_20H_13_02_R1.trimmed.fq.gz]
  Reading data from:
  qiime2/import/trimmed_reads/H2_20H_13_02_R1.trimmed.fq.gz and
  qiime2/import/trimmed_reads/H2_20H_13_02_R2.trimmed.fq.gz
  Processing pairs of RAD-Tags...1M...
  2328028 total reads; -46400 ambiguous barcodes; -0 ambiguous RAD-Tags; +0 recovered; -0 low quality reads; 2281628 retained reads.
Closing files, flushing buffers...done.

2328028 total sequences
  46400 barcode not found drops (2.0%)
      0 low quality read drops (0.0%)
      0 RAD cutsite not found drops (0.0%)
2281628 retained reads (98.0%)

Details logged: 'temp_H2_20H_13_02/process_radtags.trimmed_reads.log'
For a summary, execute one or more:
  stacks-dist-extract temp_H2_20H_13_02/process_radtags.trimmed_reads.log total_raw_read_counts
  stacks-dist-extract --pretty temp_H2_20H_13_02/process_radtags.trimmed_reads.log per_barcode_raw_read_counts
process_radtags is done.
Processing paired-end data.
Using Phred+33 encoding for quality scores.
Found 1 paired input file(s).
Searching for single and paired-end, inlined barcodes.
Loaded 14 barcodes (8bp / 8bp).
Processing file 1 of 1 [H3_20H_13_03_R1.trimmed.fq.gz]
  Reading data from:
  qiime2/import/trimmed_reads/H3_20H_13_03_R1.trimmed.fq.gz and
  qiime2/import/trimmed_reads/H3_20H_13_03_R2.trimmed.fq.gz
  Processing pairs of RAD-Tags...1M...
  2174648 total reads; -242048 ambiguous barcodes; -0 ambiguous RAD-Tags; +0 recovered; -0 low quality reads; 1932600 retained reads.
Closing files, flushing buffers...done.

2174648 total sequences
 242048 barcode not found drops (11.1%)
      0 low quality read drops (0.0%)
      0 RAD cutsite not found drops (0.0%)
1932600 retained reads (88.9%)

Details logged: 'temp_H3_20H_13_03/process_radtags.trimmed_reads.log'
For a summary, execute one or more:
  stacks-dist-extract temp_H3_20H_13_03/process_radtags.trimmed_reads.log total_raw_read_counts
  stacks-dist-extract --pretty temp_H3_20H_13_03/process_radtags.trimmed_reads.log per_barcode_raw_read_counts
process_radtags is done.
Processing paired-end data.
Using Phred+33 encoding for quality scores.
Found 1 paired input file(s).
Searching for single and paired-end, inlined barcodes.
Loaded 14 barcodes (8bp / 8bp).
Processing file 1 of 1 [H4_20H_13_04_R1.trimmed.fq.gz]
  Reading data from:
  qiime2/import/trimmed_reads/H4_20H_13_04_R1.trimmed.fq.gz and
  qiime2/import/trimmed_reads/H4_20H_13_04_R2.trimmed.fq.gz
  Processing pairs of RAD-Tags...1M...
  2124526 total reads; -62768 ambiguous barcodes; -0 ambiguous RAD-Tags; +0 recovered; -0 low quality reads; 2061758 retained reads.
Closing files, flushing buffers...done.

2124526 total sequences
  62768 barcode not found drops (3.0%)
      0 low quality read drops (0.0%)
      0 RAD cutsite not found drops (0.0%)
2061758 retained reads (97.0%)

Details logged: 'temp_H4_20H_13_04/process_radtags.trimmed_reads.log'
For a summary, execute one or more:
  stacks-dist-extract temp_H4_20H_13_04/process_radtags.trimmed_reads.log total_raw_read_counts
  stacks-dist-extract --pretty temp_H4_20H_13_04/process_radtags.trimmed_reads.log per_barcode_raw_read_counts
process_radtags is done.
Processing paired-end data.
Using Phred+33 encoding for quality scores.
Found 1 paired input file(s).
Searching for single and paired-end, inlined barcodes.
Loaded 14 barcodes (8bp / 8bp).
Processing file 1 of 1 [H5_20H_19_08_R1.trimmed.fq.gz]
  Reading data from:
  qiime2/import/trimmed_reads/H5_20H_19_08_R1.trimmed.fq.gz and
  qiime2/import/trimmed_reads/H5_20H_19_08_R2.trimmed.fq.gz
  Processing pairs of RAD-Tags...1M...
  2937438 total reads; -60002 ambiguous barcodes; -0 ambiguous RAD-Tags; +0 recovered; -0 low quality reads; 2877436 retained reads.
Closing files, flushing buffers...done.

2937438 total sequences
  60002 barcode not found drops (2.0%)
      0 low quality read drops (0.0%)
      0 RAD cutsite not found drops (0.0%)
2877436 retained reads (98.0%)

Details logged: 'temp_H5_20H_19_08/process_radtags.trimmed_reads.log'
For a summary, execute one or more:
  stacks-dist-extract temp_H5_20H_19_08/process_radtags.trimmed_reads.log total_raw_read_counts
  stacks-dist-extract --pretty temp_H5_20H_19_08/process_radtags.trimmed_reads.log per_barcode_raw_read_counts
process_radtags is done.
Processing paired-end data.
Using Phred+33 encoding for quality scores.
Found 1 paired input file(s).
Searching for single and paired-end, inlined barcodes.
Loaded 14 barcodes (8bp / 8bp).
Processing file 1 of 1 [H6_20H_13_06_R1.trimmed.fq.gz]
  Reading data from:
  qiime2/import/trimmed_reads/H6_20H_13_06_R1.trimmed.fq.gz and
  qiime2/import/trimmed_reads/H6_20H_13_06_R2.trimmed.fq.gz
  Processing pairs of RAD-Tags...1M...
  2257892 total reads; -53214 ambiguous barcodes; -0 ambiguous RAD-Tags; +0 recovered; -0 low quality reads; 2204678 retained reads.
Closing files, flushing buffers...done.

2257892 total sequences
  53214 barcode not found drops (2.4%)
      0 low quality read drops (0.0%)
      0 RAD cutsite not found drops (0.0%)
2204678 retained reads (97.6%)

Details logged: 'temp_H6_20H_13_06/process_radtags.trimmed_reads.log'
For a summary, execute one or more:
  stacks-dist-extract temp_H6_20H_13_06/process_radtags.trimmed_reads.log total_raw_read_counts
  stacks-dist-extract --pretty temp_H6_20H_13_06/process_radtags.trimmed_reads.log per_barcode_raw_read_counts
process_radtags is done.
